<?xml version="1.0" encoding="UTF-8"?>
<testsuite xmlns:xsi="http://www.w3.org/2001/XMLSchema-instance" xsi:noNamespaceSchemaLocation="https://maven.apache.org/surefire/maven-surefire-plugin/xsd/surefire-test-report.xsd" name="com.sofka.services.MarvelComicsServiceTest" time="1.256" tests="1" errors="0" skipped="0" failures="0">
  <properties>
    <property name="java.specification.version" value="17"/>
    <property name="sun.cpu.isalist" value="amd64"/>
    <property name="sun.jnu.encoding" value="Cp1252"/>
    <property name="java.class.path" value="C:\Users\julia\IdeaProjects\Tutorial-Java-JUnit-Mockito\target\test-classes;C:\Users\julia\IdeaProjects\Tutorial-Java-JUnit-Mockito\target\classes;C:\Users\julia\.m2\repository\com\squareup\okhttp3\okhttp\4.9.3\okhttp-4.9.3.jar;C:\Users\julia\.m2\repository\com\squareup\okio\okio\2.8.0\okio-2.8.0.jar;C:\Users\julia\.m2\repository\org\jetbrains\kotlin\kotlin-stdlib-common\1.4.0\kotlin-stdlib-common-1.4.0.jar;C:\Users\julia\.m2\repository\org\jetbrains\kotlin\kotlin-stdlib\1.4.10\kotlin-stdlib-1.4.10.jar;C:\Users\julia\.m2\repository\org\jetbrains\annotations\13.0\annotations-13.0.jar;C:\Users\julia\.m2\repository\com\google\code\gson\gson\2.9.0\gson-2.9.0.jar;C:\Users\julia\.m2\repository\com\fasterxml\jackson\core\jackson-databind\2.13.3\jackson-databind-2.13.3.jar;C:\Users\julia\.m2\repository\com\fasterxml\jackson\core\jackson-annotations\2.13.3\jackson-annotations-2.13.3.jar;C:\Users\julia\.m2\repository\com\fasterxml\jackson\core\jackson-core\2.13.3\jackson-core-2.13.3.jar;C:\Users\julia\.m2\repository\org\mockito\mockito-junit-jupiter\4.5.1\mockito-junit-jupiter-4.5.1.jar;C:\Users\julia\.m2\repository\org\junit\jupiter\junit-jupiter-api\5.8.2\junit-jupiter-api-5.8.2.jar;C:\Users\julia\.m2\repository\org\opentest4j\opentest4j\1.2.0\opentest4j-1.2.0.jar;C:\Users\julia\.m2\repository\org\junit\platform\junit-platform-commons\1.8.2\junit-platform-commons-1.8.2.jar;C:\Users\julia\.m2\repository\org\apiguardian\apiguardian-api\1.1.2\apiguardian-api-1.1.2.jar;C:\Users\julia\.m2\repository\org\mockito\mockito-core\4.5.1\mockito-core-4.5.1.jar;C:\Users\julia\.m2\repository\net\bytebuddy\byte-buddy\1.12.9\byte-buddy-1.12.9.jar;C:\Users\julia\.m2\repository\net\bytebuddy\byte-buddy-agent\1.12.9\byte-buddy-agent-1.12.9.jar;C:\Users\julia\.m2\repository\org\objenesis\objenesis\3.2\objenesis-3.2.jar;C:\Users\julia\.m2\repository\org\junit\jupiter\junit-jupiter\5.8.2\junit-jupiter-5.8.2.jar;C:\Users\julia\.m2\repository\org\junit\jupiter\junit-jupiter-params\5.8.2\junit-jupiter-params-5.8.2.jar;C:\Users\julia\.m2\repository\org\junit\jupiter\junit-jupiter-engine\5.8.2\junit-jupiter-engine-5.8.2.jar;C:\Users\julia\.m2\repository\org\junit\platform\junit-platform-engine\1.8.2\junit-platform-engine-1.8.2.jar;C:\Users\julia\.m2\repository\org\projectlombok\lombok\1.18.24\lombok-1.18.24.jar;C:\Users\julia\.m2\repository\junit\junit\4.13.2\junit-4.13.2.jar;C:\Users\julia\.m2\repository\org\hamcrest\hamcrest-core\1.3\hamcrest-core-1.3.jar;"/>
    <property name="java.vm.vendor" value="Oracle Corporation"/>
    <property name="sun.arch.data.model" value="64"/>
    <property name="user.variant" value=""/>
    <property name="java.vendor.url" value="https://java.oracle.com/"/>
    <property name="user.timezone" value="America/Bogota"/>
    <property name="os.name" value="Windows 11"/>
    <property name="java.vm.specification.version" value="17"/>
    <property name="sun.java.launcher" value="SUN_STANDARD"/>
    <property name="user.country" value="CO"/>
    <property name="sun.boot.library.path" value="C:\Program Files\Java\jdk-17.0.2\bin"/>
    <property name="sun.java.command" value="C:\Users\julia\AppData\Local\Temp\surefire14245342017948195477\surefirebooter7286660446604746301.jar C:\Users\julia\AppData\Local\Temp\surefire14245342017948195477 2022-05-18T11-00-10_007-jvmRun1 surefire16120718935491737217tmp surefire_013988093241567949950tmp"/>
    <property name="jdk.debug" value="release"/>
    <property name="surefire.test.class.path" value="C:\Users\julia\IdeaProjects\Tutorial-Java-JUnit-Mockito\target\test-classes;C:\Users\julia\IdeaProjects\Tutorial-Java-JUnit-Mockito\target\classes;C:\Users\julia\.m2\repository\com\squareup\okhttp3\okhttp\4.9.3\okhttp-4.9.3.jar;C:\Users\julia\.m2\repository\com\squareup\okio\okio\2.8.0\okio-2.8.0.jar;C:\Users\julia\.m2\repository\org\jetbrains\kotlin\kotlin-stdlib-common\1.4.0\kotlin-stdlib-common-1.4.0.jar;C:\Users\julia\.m2\repository\org\jetbrains\kotlin\kotlin-stdlib\1.4.10\kotlin-stdlib-1.4.10.jar;C:\Users\julia\.m2\repository\org\jetbrains\annotations\13.0\annotations-13.0.jar;C:\Users\julia\.m2\repository\com\google\code\gson\gson\2.9.0\gson-2.9.0.jar;C:\Users\julia\.m2\repository\com\fasterxml\jackson\core\jackson-databind\2.13.3\jackson-databind-2.13.3.jar;C:\Users\julia\.m2\repository\com\fasterxml\jackson\core\jackson-annotations\2.13.3\jackson-annotations-2.13.3.jar;C:\Users\julia\.m2\repository\com\fasterxml\jackson\core\jackson-core\2.13.3\jackson-core-2.13.3.jar;C:\Users\julia\.m2\repository\org\mockito\mockito-junit-jupiter\4.5.1\mockito-junit-jupiter-4.5.1.jar;C:\Users\julia\.m2\repository\org\junit\jupiter\junit-jupiter-api\5.8.2\junit-jupiter-api-5.8.2.jar;C:\Users\julia\.m2\repository\org\opentest4j\opentest4j\1.2.0\opentest4j-1.2.0.jar;C:\Users\julia\.m2\repository\org\junit\platform\junit-platform-commons\1.8.2\junit-platform-commons-1.8.2.jar;C:\Users\julia\.m2\repository\org\apiguardian\apiguardian-api\1.1.2\apiguardian-api-1.1.2.jar;C:\Users\julia\.m2\repository\org\mockito\mockito-core\4.5.1\mockito-core-4.5.1.jar;C:\Users\julia\.m2\repository\net\bytebuddy\byte-buddy\1.12.9\byte-buddy-1.12.9.jar;C:\Users\julia\.m2\repository\net\bytebuddy\byte-buddy-agent\1.12.9\byte-buddy-agent-1.12.9.jar;C:\Users\julia\.m2\repository\org\objenesis\objenesis\3.2\objenesis-3.2.jar;C:\Users\julia\.m2\repository\org\junit\jupiter\junit-jupiter\5.8.2\junit-jupiter-5.8.2.jar;C:\Users\julia\.m2\repository\org\junit\jupiter\junit-jupiter-params\5.8.2\junit-jupiter-params-5.8.2.jar;C:\Users\julia\.m2\repository\org\junit\jupiter\junit-jupiter-engine\5.8.2\junit-jupiter-engine-5.8.2.jar;C:\Users\julia\.m2\repository\org\junit\platform\junit-platform-engine\1.8.2\junit-platform-engine-1.8.2.jar;C:\Users\julia\.m2\repository\org\projectlombok\lombok\1.18.24\lombok-1.18.24.jar;C:\Users\julia\.m2\repository\junit\junit\4.13.2\junit-4.13.2.jar;C:\Users\julia\.m2\repository\org\hamcrest\hamcrest-core\1.3\hamcrest-core-1.3.jar;"/>
    <property name="sun.cpu.endian" value="little"/>
    <property name="user.home" value="C:\Users\julia"/>
    <property name="user.language" value="es"/>
    <property name="java.specification.vendor" value="Oracle Corporation"/>
    <property name="java.version.date" value="2022-01-18"/>
    <property name="java.home" value="C:\Program Files\Java\jdk-17.0.2"/>
    <property name="file.separator" value="\"/>
    <property name="basedir" value="C:\Users\julia\IdeaProjects\Tutorial-Java-JUnit-Mockito"/>
    <property name="java.vm.compressedOopsMode" value="Zero based"/>
    <property name="line.separator" value="&#10;"/>
    <property name="java.vm.specification.vendor" value="Oracle Corporation"/>
    <property name="java.specification.name" value="Java Platform API Specification"/>
    <property name="surefire.real.class.path" value="C:\Users\julia\AppData\Local\Temp\surefire14245342017948195477\surefirebooter7286660446604746301.jar"/>
    <property name="user.script" value=""/>
    <property name="sun.management.compiler" value="HotSpot 64-Bit Tiered Compilers"/>
    <property name="java.runtime.version" value="17.0.2+8-LTS-86"/>
    <property name="user.name" value="julia"/>
    <property name="path.separator" value=";"/>
    <property name="os.version" value="10.0"/>
    <property name="java.runtime.name" value="Java(TM) SE Runtime Environment"/>
    <property name="file.encoding" value="Cp1252"/>
    <property name="java.vm.name" value="Java HotSpot(TM) 64-Bit Server VM"/>
    <property name="localRepository" value="C:\Users\julia\.m2\repository"/>
    <property name="java.vendor.url.bug" value="https://bugreport.java.com/bugreport/"/>
    <property name="java.io.tmpdir" value="C:\Users\julia\AppData\Local\Temp\"/>
    <property name="java.version" value="17.0.2"/>
    <property name="user.dir" value="C:\Users\julia\IdeaProjects\Tutorial-Java-JUnit-Mockito"/>
    <property name="os.arch" value="amd64"/>
    <property name="java.vm.specification.name" value="Java Virtual Machine Specification"/>
    <property name="sun.os.patch.level" value=""/>
    <property name="native.encoding" value="Cp1252"/>
    <property name="java.library.path" value="C:\Program Files\Java\jdk-17.0.2\bin;C:\Windows\Sun\Java\bin;C:\Windows\system32;C:\Windows;C:/Program Files/Java/jdk-17.0.2/bin/server;C:/Program Files/Java/jdk-17.0.2/bin;C:\Program Files\Eclipse Adoptium\jdk-17.0.3.7-hotspot\bin;C:\Program Files\Microsoft\jdk-11.0.12.7-hotspot\bin;C:\Program Files\Common Files\Oracle\Java\javapath;C:\Python310\Scripts\;C:\Python310\;C:\Windows\system32;C:\Windows;C:\Windows\System32\Wbem;C:\Windows\System32\WindowsPowerShell\v1.0\;C:\Windows\System32\OpenSSH\;C:\Program Files\nodejs\;C:\ProgramData\chocolatey\bin;C:\Program Files\Microsoft SQL Server\150\Tools\Binn\;C:\Program Files\Microsoft SQL Server\Client SDK\ODBC\170\Tools\Binn\;C:\Program Files\dotnet\;C:\Program Files\Git\cmd;C:\flutter\bin;C:\Program Files (x86)\dotnet\;C:\Program Files\PowerShell\7\;C:\Users\julia\.cargo\bin;C:\Program Files\MySQL\MySQL Shell 8.0\bin\;C:\Users\julia\AppData\Local\Microsoft\WindowsApps;C:\Users\julia\AppData\Roaming\npm;C:\Users\julia\AppData\Local\Programs\Microsoft VS Code\bin;C:\Users\julia\.dotnet\tools;C:\Users\julia\AppData\Local\GitHubDesktop\bin;C:\Users\julia\eclipse\jee-2021-122\eclipse;;."/>
    <property name="java.vm.info" value="mixed mode, sharing"/>
    <property name="java.vendor" value="Oracle Corporation"/>
    <property name="java.vm.version" value="17.0.2+8-LTS-86"/>
    <property name="sun.io.unicode.encoding" value="UnicodeLittle"/>
    <property name="java.class.version" value="61.0"/>
  </properties>
  <testcase name="getCharacter" classname="com.sofka.services.MarvelComicsServiceTest" time="1.251"/>
</testsuite>